<?xml version="1.0" encoding="UTF-8"?>
<!-- Generated by org.testng.reporters.JUnitReportReporter -->
<testsuite name="com.crm.qa.testcases.LoginPageTest" tests="3" time="33.232" ignored="0" failures="0" timestamp="04 Jul 2018 10:27:54 GMT" skipped="0" hostname="NEWNODE31" errors="0">
  <testcase name="crmLogoImageTest" time="10.609" classname="com.crm.qa.testcases.LoginPageTest"/>
  <testcase name="loginPageTitleTest" time="12.233" classname="com.crm.qa.testcases.LoginPageTest"/>
  <testcase name="loginTest" time="10.390" classname="com.crm.qa.testcases.LoginPageTest"/>
</testsuite> <!-- com.crm.qa.testcases.LoginPageTest -->
